SF:lib/models/article.dart
DA:17,1
DA:26,2
DA:28,0
DA:30,0
DA:31,0
DA:33,2
DA:36,1
DA:37,1
LF:8
LH:5
end_of_record
SF:lib/models/article.g.dart
DA:9,2
DA:10,1
DA:11,1
DA:12,1
DA:13,1
DA:14,1
DA:15,1
DA:18,0
DA:19,0
DA:20,0
DA:21,0
DA:22,0
DA:23,0
DA:24,0
LF:14
LH:7
end_of_record
SF:lib/network/repositories/articles/articles_repository.dart
DA:14,0
DA:16,0
DA:18,0
DA:19,0
DA:20,0
DA:22,0
DA:23,0
DA:27,0
DA:28,0
DA:29,0
DA:30,0
DA:40,1
DA:41,3
DA:42,3
DA:44,3
DA:47,1
DA:48,6
LF:17
LH:6
end_of_record
SF:lib/di/injector.config.dart
DA:18,0
DA:20,0
DA:21,0
DA:22,0
DA:23,0
DA:24,0
DA:25,0
DA:26,0
DA:27,0
DA:28,0
DA:29,0
DA:30,0
DA:31,0
LF:13
LH:0
end_of_record
SF:lib/network/api_client.dart
DA:19,0
DA:21,0
DA:23,0
DA:25,0
LF:4
LH:0
end_of_record
SF:lib/network/api_client.g.dart
DA:12,0
DA:19,0
DA:21,0
DA:22,0
DA:23,0
DA:24,0
DA:25,0
DA:26,0
DA:27,0
DA:29,0
DA:30,0
DA:31,0
DA:35,0
DA:36,0
DA:37,0
DA:38,0
DA:39,0
DA:40,0
DA:42,0
LF:19
LH:0
end_of_record
SF:lib/di/modules.dart
DA:10,0
DA:13,0
DA:15,0
DA:16,0
DA:23,0
DA:25,0
DA:34,0
DA:38,0
DA:40,0
DA:43,0
DA:45,0
DA:51,0
DA:52,0
LF:13
LH:0
end_of_record
SF:lib/di/injector.dart
DA:6,0
DA:8,0
DA:9,0
LF:3
LH:0
end_of_record
SF:lib/network/api_result.dart
DA:9,0
DA:19,0
DA:21,0
DA:22,0
DA:23,0
DA:24,0
DA:25,0
DA:26,0
DA:27,0
DA:28,0
DA:30,0
DA:32,0
DA:33,0
DA:37,0
DA:38,0
DA:39,0
DA:40,0
DA:41,0
DA:43,0
DA:45,0
LF:20
LH:0
end_of_record
SF:lib/utils/logging.dart
DA:4,0
LF:1
LH:0
end_of_record
